[0m14:24:15.358846 [debug] [MainThread]: Sending event: {'category': 'dbt', 'action': 'invocation', 'label': 'start', 'context': [<snowplow_tracker.self_describing_json.SelfDescribingJson object at 0x000001DEFF8CBC50>, <snowplow_tracker.self_describing_json.SelfDescribingJson object at 0x000001DEFE018250>, <snowplow_tracker.self_describing_json.SelfDescribingJson object at 0x000001DEFF6D9A50>]}


============================== 14:24:15.368878 | deb02f8d-064e-4198-9868-698d8c30871f ==============================
[0m14:24:15.368878 [info ] [MainThread]: Running with dbt=1.7.5
[0m14:24:15.368878 [debug] [MainThread]: running dbt with arguments {'printer_width': '80', 'indirect_selection': 'eager', 'log_cache_events': 'False', 'write_json': 'True', 'partial_parse': 'True', 'cache_selected_only': 'False', 'warn_error': 'None', 'version_check': 'True', 'profiles_dir': 'C:\\Users\\AYOBAMI BALOGUN\\.dbt', 'log_path': 'logs', 'fail_fast': 'False', 'debug': 'False', 'use_colors': 'True', 'use_experimental_parser': 'False', 'no_print': 'None', 'quiet': 'False', 'warn_error_options': 'WarnErrorOptions(include=[], exclude=[])', 'introspect': 'True', 'invocation_command': 'dbt init transformation_project', 'static_parser': 'True', 'target_path': 'None', 'log_format': 'default', 'send_anonymous_usage_stats': 'True'}
[0m14:24:15.368878 [debug] [MainThread]: Starter project path: C:\Users\AYOBAMI BALOGUN\anaconda3\Lib\site-packages\dbt\include\starter_project
[0m14:24:15.423603 [info ] [MainThread]: 
Your new dbt project "transformation_project" was created!

For more information on how to configure the profiles.yml file,
please consult the dbt documentation here:

  https://docs.getdbt.com/docs/configure-your-profile

One more thing:

Need help? Don't hesitate to reach out to us via GitHub issues or on Slack:

  https://community.getdbt.com/

Happy modeling!

[0m14:24:15.425596 [info ] [MainThread]: Setting up your profile.
[0m14:28:15.032068 [info ] [MainThread]: Profile transformation_project written to C:\Users\AYOBAMI BALOGUN\.dbt\profiles.yml using target's profile_template.yml and your supplied values. Run 'dbt debug' to validate the connection.
[0m14:28:15.045863 [debug] [MainThread]: Command `dbt init` succeeded at 14:28:15.041872 after 239.77 seconds
[0m14:28:15.049190 [debug] [MainThread]: Sending event: {'category': 'dbt', 'action': 'invocation', 'label': 'end', 'context': [<snowplow_tracker.self_describing_json.SelfDescribingJson object at 0x000001DEFF88F410>, <snowplow_tracker.self_describing_json.SelfDescribingJson object at 0x000001DEFF8DFAD0>, <snowplow_tracker.self_describing_json.SelfDescribingJson object at 0x000001DEFF8DEED0>]}
[0m14:28:15.050845 [debug] [MainThread]: Flushing usage events
[0m14:28:28.617772 [debug] [MainThread]: Sending event: {'category': 'dbt', 'action': 'invocation', 'label': 'start', 'context': [<snowplow_tracker.self_describing_json.SelfDescribingJson object at 0x000001A71847F2D0>, <snowplow_tracker.self_describing_json.SelfDescribingJson object at 0x000001A71847F9D0>, <snowplow_tracker.self_describing_json.SelfDescribingJson object at 0x000001A71847F450>]}


============================== 14:28:28.617772 | 2e9c231f-1533-496e-bb91-da342e72b1ef ==============================
[0m14:28:28.617772 [info ] [MainThread]: Running with dbt=1.7.5
[0m14:28:28.627718 [debug] [MainThread]: running dbt with arguments {'printer_width': '80', 'indirect_selection': 'eager', 'log_cache_events': 'False', 'write_json': 'True', 'partial_parse': 'True', 'cache_selected_only': 'False', 'warn_error': 'None', 'version_check': 'True', 'fail_fast': 'False', 'log_path': 'logs', 'debug': 'False', 'profiles_dir': 'C:\\Users\\AYOBAMI BALOGUN\\.dbt', 'use_colors': 'True', 'use_experimental_parser': 'False', 'no_print': 'None', 'quiet': 'False', 'log_format': 'default', 'static_parser': 'True', 'introspect': 'True', 'invocation_command': 'dbt debug', 'target_path': 'None', 'warn_error_options': 'WarnErrorOptions(include=[], exclude=[])', 'send_anonymous_usage_stats': 'True'}
[0m14:28:28.627718 [info ] [MainThread]: dbt version: 1.7.5
[0m14:28:28.627718 [info ] [MainThread]: python version: 3.11.5
[0m14:28:28.633537 [info ] [MainThread]: python path: C:\Users\AYOBAMI BALOGUN\anaconda3\python.exe
[0m14:28:28.635535 [info ] [MainThread]: os info: Windows-10-10.0.19045-SP0
[0m14:28:28.857123 [info ] [MainThread]: Using profiles dir at C:\Users\AYOBAMI BALOGUN\.dbt
[0m14:28:28.867166 [info ] [MainThread]: Using profiles.yml file at C:\Users\AYOBAMI BALOGUN\.dbt\profiles.yml
[0m14:28:28.867166 [info ] [MainThread]: Using dbt_project.yml file at C:\Users\AYOBAMI BALOGUN\Documents\Algora Projects\northwind_api_project\dbt_project.yml
[0m14:28:28.867166 [error] [MainThread]: Encountered an error:
Internal Error
  Profile should not be None if loading profile completed
[0m14:28:28.876017 [debug] [MainThread]: Command `dbt debug` failed at 14:28:28.875021 after 0.40 seconds
[0m14:28:28.877013 [debug] [MainThread]: Sending event: {'category': 'dbt', 'action': 'invocation', 'label': 'end', 'context': [<snowplow_tracker.self_describing_json.SelfDescribingJson object at 0x000001A71848B8D0>, <snowplow_tracker.self_describing_json.SelfDescribingJson object at 0x000001A71842F390>, <snowplow_tracker.self_describing_json.SelfDescribingJson object at 0x000001A71847F410>]}
[0m14:28:28.878303 [debug] [MainThread]: Flushing usage events
